<?xml version="1.0" encoding="UTF-8"?>
<testng-results ignored="0" total="2" passed="2" failed="0" skipped="0">
  <reporter-output>
    <line>
      <![CDATA[<br>]]>
    </line>
    <line>
      <![CDATA[loginPageTest Test Passed..!!]]>
    </line>
    <line>
      <![CDATA[<br>]]>
    </line>
    <line>
      <![CDATA[<a target='_blank' href='D:\Environment_Collection\Eclipse_Env\Workspace\SeleniumPageObjectModelFramework\src\test\resources\com\jtaf\screenshots\08_03_2023_05_00_32.png'><img src= 'D:\Environment_Collection\Eclipse_Env\Workspace\SeleniumPageObjectModelFramework\src\test\resources\com\jtaf\screenshots\08_03_2023_05_00_32.png' height='100' width='100' /></a>]]>
    </line>
    <line>
      <![CDATA[<br>]]>
    </line>
    <line>
      <![CDATA[adminPageTest Test Passed..!!]]>
    </line>
    <line>
      <![CDATA[<br>]]>
    </line>
    <line>
      <![CDATA[<a target='_blank' href='D:\Environment_Collection\Eclipse_Env\Workspace\SeleniumPageObjectModelFramework\src\test\resources\com\jtaf\screenshots\08_03_2023_05_00_42.png'><img src= 'D:\Environment_Collection\Eclipse_Env\Workspace\SeleniumPageObjectModelFramework\src\test\resources\com\jtaf\screenshots\08_03_2023_05_00_42.png' height='100' width='100' /></a>]]>
    </line>
  </reporter-output>
  <suite started-at="2023-03-08T17:00:24 IST" name="Data Driven Test Automation" finished-at="2023-03-08T17:00:42 IST" duration-ms="18455">
    <groups>
    </groups>
    <test started-at="2023-03-08T17:00:24 IST" name="LoginPageTest" finished-at="2023-03-08T17:00:32 IST" duration-ms="8080">
      <class name="com.jtaf.ohrm.testcases.LoginPageTest">
        <test-method signature="loginPageTest()[pri:0, instance:com.jtaf.ohrm.testcases.LoginPageTest@17461db]" started-at="2023-03-08T17:00:24 IST" name="loginPageTest" finished-at="2023-03-08T17:00:27 IST" duration-ms="2455" status="PASS">
          <reporter-output>
            <line>
              <![CDATA[<br>]]>
            </line>
            <line>
              <![CDATA[loginPageTest Test Passed..!!]]>
            </line>
            <line>
              <![CDATA[<br>]]>
            </line>
            <line>
              <![CDATA[<a target='_blank' href='D:\Environment_Collection\Eclipse_Env\Workspace\SeleniumPageObjectModelFramework\src\test\resources\com\jtaf\screenshots\08_03_2023_05_00_32.png'><img src= 'D:\Environment_Collection\Eclipse_Env\Workspace\SeleniumPageObjectModelFramework\src\test\resources\com\jtaf\screenshots\08_03_2023_05_00_32.png' height='100' width='100' /></a>]]>
            </line>
          </reporter-output>
        </test-method> <!-- loginPageTest -->
      </class> <!-- com.jtaf.ohrm.testcases.LoginPageTest -->
    </test> <!-- LoginPageTest -->
    <test started-at="2023-03-08T17:00:33 IST" name="AdminPageTest" finished-at="2023-03-08T17:00:42 IST" duration-ms="9459">
      <class name="com.jtaf.ohrm.testcases.AdminPageTest">
        <test-method signature="adminPageTest()[pri:0, instance:com.jtaf.ohrm.testcases.AdminPageTest@7ab4ae59]" started-at="2023-03-08T17:00:33 IST" name="adminPageTest" finished-at="2023-03-08T17:00:37 IST" duration-ms="4086" status="PASS">
          <reporter-output>
            <line>
              <![CDATA[<br>]]>
            </line>
            <line>
              <![CDATA[adminPageTest Test Passed..!!]]>
            </line>
            <line>
              <![CDATA[<br>]]>
            </line>
            <line>
              <![CDATA[<a target='_blank' href='D:\Environment_Collection\Eclipse_Env\Workspace\SeleniumPageObjectModelFramework\src\test\resources\com\jtaf\screenshots\08_03_2023_05_00_42.png'><img src= 'D:\Environment_Collection\Eclipse_Env\Workspace\SeleniumPageObjectModelFramework\src\test\resources\com\jtaf\screenshots\08_03_2023_05_00_42.png' height='100' width='100' /></a>]]>
            </line>
          </reporter-output>
        </test-method> <!-- adminPageTest -->
        <test-method is-config="true" signature="tearDown()[pri:0, instance:com.jtaf.ohrm.testcases.AdminPageTest@7ab4ae59]" started-at="2023-03-08T17:00:43 IST" name="tearDown" finished-at="2023-03-08T17:00:43 IST" duration-ms="358" status="PASS">
          <reporter-output>
          </reporter-output>
        </test-method> <!-- tearDown -->
      </class> <!-- com.jtaf.ohrm.testcases.AdminPageTest -->
    </test> <!-- AdminPageTest -->
  </suite> <!-- Data Driven Test Automation -->
</testng-results>
